<?xml version="1.0" encoding="UTF-8"?>
<testng-results skipped="0" failed="0" ignored="0" total="1" passed="1">
  <reporter-output>
  </reporter-output>
  <suite name="Default suite" duration-ms="6032" started-at="2018-10-16T13:08:11Z" finished-at="2018-10-16T13:08:17Z">
    <groups>
    </groups>
    <test name="Default test" duration-ms="6032" started-at="2018-10-16T13:08:11Z" finished-at="2018-10-16T13:08:17Z">
      <class name="test.LoginTest">
        <test-method status="PASS" signature="logionTest()[pri:0, instance:test.LoginTest@2781e022]" name="logionTest" duration-ms="6014" started-at="2018-10-16T13:08:11Z" finished-at="2018-10-16T13:08:17Z">
          <reporter-output>
          </reporter-output>
        </test-method> <!-- logionTest -->
      </class> <!-- test.LoginTest -->
    </test> <!-- Default test -->
  </suite> <!-- Default suite -->
</testng-results>
